Using pre-set license
Built from '2020.3/release' branch; Version is '2020.3.31f1 (6b54b7616050) revision 7034039'; Using compiler version '192528614'; Build Type 'Release'
OS: 'Windows 10  (10.0.19043) 64bit Professional' Language: 'en' Physical Memory: 16328 MB
BatchMode: 1, IsHumanControllingUs: 0, StartBugReporterOnCrash: 0, Is64bit: 1, IsPro: 0

COMMAND LINE ARGUMENTS:
C:\Program Files\Unity\Hub\Editor\2020.3.31f1\Editor\Unity.exe
-adb2
-batchMode
-noUpm
-name
AssetImportWorker0
-projectPath
C:/Users/user/Documents/GitHub/Architectural-Rendering/Rendering
-logFile
Logs/AssetImportWorker0.log
-srvPort
54256
Successfully changed project path to: C:/Users/user/Documents/GitHub/Architectural-Rendering/Rendering
C:/Users/user/Documents/GitHub/Architectural-Rendering/Rendering
Using Asset Import Pipeline V2.
Refreshing native plugins compatible for Editor in 75.12 ms, found 2 plugins.
Preloading 0 native plugins for Editor in 0.00 ms.
Initialize engine version: 2020.3.31f1 (6b54b7616050)
[Subsystems] Discovering subsystems at path C:/Program Files/Unity/Hub/Editor/2020.3.31f1/Editor/Data/Resources/UnitySubsystems
[Subsystems] Discovering subsystems at path C:/Users/user/Documents/GitHub/Architectural-Rendering/Rendering/Assets
GfxDevice: creating device client; threaded=0
Direct3D:
    Version:  Direct3D 11.0 [level 11.1]
    Renderer: NVIDIA GeForce RTX 3060 Ti (ID=0x2489)
    Vendor:   
    VRAM:     8050 MB
    Driver:   30.0.15.1179
Initialize mono
Mono path[0] = 'C:/Program Files/Unity/Hub/Editor/2020.3.31f1/Editor/Data/Managed'
Mono path[1] = 'C:/Program Files/Unity/Hub/Editor/2020.3.31f1/Editor/Data/MonoBleedingEdge/lib/mono/unityjit'
Mono config path = 'C:/Program Files/Unity/Hub/Editor/2020.3.31f1/Editor/Data/MonoBleedingEdge/etc'
Using monoOptions --debugger-agent=transport=dt_socket,embedding=1,server=y,suspend=n,address=127.0.0.1:56880
Begin MonoManager ReloadAssembly
Registering precompiled unity dll's ...
Register platform support module: C:/Program Files/Unity/Hub/Editor/2020.3.31f1/Editor/Data/PlaybackEngines/WebGLSupport/UnityEditor.WebGL.Extensions.dll
Register platform support module: C:/Program Files/Unity/Hub/Editor/2020.3.31f1/Editor/Data/PlaybackEngines/WindowsStandaloneSupport/UnityEditor.WindowsStandalone.Extensions.dll
Registered in 0.003317 seconds.
Native extension for WindowsStandalone target not found
Native extension for WebGL target not found
Refreshing native plugins compatible for Editor in 45.93 ms, found 2 plugins.
Preloading 0 native plugins for Editor in 0.00 ms.
Mono: successfully reloaded assembly
- Completed reload, in  0.542 seconds
Domain Reload Profiling:
	ReloadAssembly (542ms)
		BeginReloadAssembly (77ms)
			ExecutionOrderSort (0ms)
			DisableScriptedObjects (0ms)
			BackupInstance (0ms)
			ReleaseScriptingObjects (0ms)
			CreateAndSetChildDomain (1ms)
		EndReloadAssembly (385ms)
			LoadAssemblies (75ms)
			RebuildTransferFunctionScriptingTraits (0ms)
			SetupTypeCache (153ms)
			ReleaseScriptCaches (0ms)
			RebuildScriptCaches (19ms)
			SetupLoadedEditorAssemblies (136ms)
				LogAssemblyErrors (0ms)
				InitializePlatformSupportModulesInManaged (4ms)
				SetLoadedEditorAssemblies (0ms)
				RefreshPlugins (46ms)
				BeforeProcessingInitializeOnLoad (9ms)
				ProcessInitializeOnLoadAttributes (58ms)
				ProcessInitializeOnLoadMethodAttributes (18ms)
				AfterProcessingInitializeOnLoad (0ms)
				EditorAssembliesLoaded (0ms)
			ExecutionOrderSort2 (0ms)
			AwakeInstancesAfterBackupRestoration (0ms)
Platform modules already initialized, skipping
Registering precompiled user dll's ...
Registered in 0.003022 seconds.
Begin MonoManager ReloadAssembly
Native extension for WindowsStandalone target not found
Native extension for WebGL target not found
Refreshing native plugins compatible for Editor in 40.09 ms, found 2 plugins.
Preloading 0 native plugins for Editor in 0.00 ms.
Mono: successfully reloaded assembly
- Completed reload, in  0.886 seconds
Domain Reload Profiling:
	ReloadAssembly (887ms)
		BeginReloadAssembly (122ms)
			ExecutionOrderSort (0ms)
			DisableScriptedObjects (4ms)
			BackupInstance (0ms)
			ReleaseScriptingObjects (0ms)
			CreateAndSetChildDomain (19ms)
		EndReloadAssembly (710ms)
			LoadAssemblies (87ms)
			RebuildTransferFunctionScriptingTraits (0ms)
			SetupTypeCache (236ms)
			ReleaseScriptCaches (1ms)
			RebuildScriptCaches (34ms)
			SetupLoadedEditorAssemblies (280ms)
				LogAssemblyErrors (0ms)
				InitializePlatformSupportModulesInManaged (3ms)
				SetLoadedEditorAssemblies (0ms)
				RefreshPlugins (40ms)
				BeforeProcessingInitializeOnLoad (77ms)
				ProcessInitializeOnLoadAttributes (146ms)
				ProcessInitializeOnLoadMethodAttributes (7ms)
				AfterProcessingInitializeOnLoad (6ms)
				EditorAssembliesLoaded (0ms)
			ExecutionOrderSort2 (0ms)
			AwakeInstancesAfterBackupRestoration (4ms)
Platform modules already initialized, skipping
========================================================================
Worker process is ready to serve import requests
Launched and connected shader compiler UnityShaderCompiler.exe after 0.04 seconds
Refreshing native plugins compatible for Editor in 0.67 ms, found 2 plugins.
Preloading 0 native plugins for Editor in 0.00 ms.
Unloading 2814 Unused Serialized files (Serialized files now loaded: 0)
System memory in use before: 127.4 MB.
System memory in use after: 127.6 MB.

Unloading 17 unused Assets to reduce memory usage. Loaded Objects now: 3248.
Total: 2.733000 ms (FindLiveObjects: 0.232500 ms CreateObjectMapping: 0.074500 ms MarkObjects: 2.356600 ms  DeleteObjects: 0.068500 ms)

AssetImportParameters requested are different than current active one (requested -> active):
  custom:framework-win-MediaFoundation: 216162199b28c13a410421893ffa2e32 -> 
  custom:video-decoder-ogg-theora: a1e56fd34408186e4bbccfd4996cb3dc -> 
  custom:container-muxer-webm: aa71ff27fc2769a1b78a27578f13a17b -> 
  custom:container-demuxer-webm: 4f35f7cbe854078d1ac9338744f61a02 -> 
  custom:container-demuxer-ogg: 62fdf1f143b41e24485cea50d1cbac27 -> 
  custom:video-encoder-webm-vp8: eb34c28f22e8b96e1ab97ce403110664 -> 
  custom:video-decoder-webm-vp8: 9c59270c3fd7afecdb556c50c9e8de78 -> 
  custom:audio-decoder-ogg-vorbis: bf7c407c2cedff20999df2af8eb42d56 -> 
  custom:audio-encoder-webm-vorbis: bf7c407c2cedff20999df2af8eb42d56 -> 
========================================================================
Received Import Request.
  path: Assets/Readme.asset
  artifactKey: Guid(83c2ed844a8c74b779a4c823d16594b1) Importer(815301076,1909f56bfc062723c751e8b465ee728b)
Start importing Assets/Readme.asset using Guid(83c2ed844a8c74b779a4c823d16594b1) Importer(815301076,1909f56bfc062723c751e8b465ee728b)  -> (artifact id: '8ffd2c44ffeb50c574abb5d0c4453328') in 0.033874 seconds 
========================================================================
Received Prepare
Registering precompiled user dll's ...
Registered in 0.003034 seconds.
Begin MonoManager ReloadAssembly
Native extension for WindowsStandalone target not found
Native extension for WebGL target not found
Refreshing native plugins compatible for Editor in 0.55 ms, found 2 plugins.
Preloading 0 native plugins for Editor in 0.00 ms.
Mono: successfully reloaded assembly
- Completed reload, in  0.819 seconds
Domain Reload Profiling:
	ReloadAssembly (819ms)
		BeginReloadAssembly (182ms)
			ExecutionOrderSort (0ms)
			DisableScriptedObjects (3ms)
			BackupInstance (0ms)
			ReleaseScriptingObjects (0ms)
			CreateAndSetChildDomain (62ms)
		EndReloadAssembly (590ms)
			LoadAssemblies (127ms)
			RebuildTransferFunctionScriptingTraits (0ms)
			SetupTypeCache (193ms)
			ReleaseScriptCaches (1ms)
			RebuildScriptCaches (29ms)
			SetupLoadedEditorAssemblies (231ms)
				LogAssemblyErrors (0ms)
				InitializePlatformSupportModulesInManaged (4ms)
				SetLoadedEditorAssemblies (0ms)
				RefreshPlugins (1ms)
				BeforeProcessingInitializeOnLoad (84ms)
				ProcessInitializeOnLoadAttributes (128ms)
				ProcessInitializeOnLoadMethodAttributes (7ms)
				AfterProcessingInitializeOnLoad (6ms)
				EditorAssembliesLoaded (0ms)
			ExecutionOrderSort2 (0ms)
			AwakeInstancesAfterBackupRestoration (7ms)
Platform modules already initialized, skipping
Refreshing native plugins compatible for Editor in 0.56 ms, found 2 plugins.
Preloading 0 native plugins for Editor in 0.00 ms.
Unloading 2704 Unused Serialized files (Serialized files now loaded: 0)
System memory in use before: 120.2 MB.
System memory in use after: 120.4 MB.

Unloading 12 unused Assets to reduce memory usage. Loaded Objects now: 3251.
Total: 2.427000 ms (FindLiveObjects: 0.169300 ms CreateObjectMapping: 0.062700 ms MarkObjects: 2.167200 ms  DeleteObjects: 0.027200 ms)

AssetImportParameters requested are different than current active one (requested -> active):
  custom:framework-win-MediaFoundation: 216162199b28c13a410421893ffa2e32 -> 
  custom:video-decoder-ogg-theora: a1e56fd34408186e4bbccfd4996cb3dc -> 
  custom:container-muxer-webm: aa71ff27fc2769a1b78a27578f13a17b -> 
  custom:container-demuxer-webm: 4f35f7cbe854078d1ac9338744f61a02 -> 
  custom:container-demuxer-ogg: 62fdf1f143b41e24485cea50d1cbac27 -> 
  custom:video-encoder-webm-vp8: eb34c28f22e8b96e1ab97ce403110664 -> 
  custom:video-decoder-webm-vp8: 9c59270c3fd7afecdb556c50c9e8de78 -> 
  custom:audio-decoder-ogg-vorbis: bf7c407c2cedff20999df2af8eb42d56 -> 
  custom:audio-encoder-webm-vorbis: bf7c407c2cedff20999df2af8eb42d56 -> 
========================================================================
Received Import Request.
  Time since last request: 1296.626397 seconds.
  path: Assets/Scenes
  artifactKey: Guid(85e33c6bf6c94844dbf6f2e7bd63f96a) Importer(815301076,1909f56bfc062723c751e8b465ee728b)
Start importing Assets/Scenes using Guid(85e33c6bf6c94844dbf6f2e7bd63f96a) Importer(815301076,1909f56bfc062723c751e8b465ee728b)  -> (artifact id: '05eec4f96bc3fa8af9817a7fda74f51d') in 0.009125 seconds 
========================================================================
Received Import Request.
  Time since last request: 10.817574 seconds.
  path: Assets/Scenes/Architectural Rendering.unity
  artifactKey: Guid(e5d6f0da3e1ac9f4ba35308b7345c565) Importer(815301076,1909f56bfc062723c751e8b465ee728b)
Start importing Assets/Scenes/Architectural Rendering.unity using Guid(e5d6f0da3e1ac9f4ba35308b7345c565) Importer(815301076,1909f56bfc062723c751e8b465ee728b)  -> (artifact id: '3e55bbbd0cd14103f35af125e7be6c30') in 0.005334 seconds 
========================================================================
Received Import Request.
  Time since last request: 2.939423 seconds.
  path: Assets/Scenes/SampleScene.unity
  artifactKey: Guid(d1c3109bdb54ad54c8a2b2838528e640) Importer(815301076,1909f56bfc062723c751e8b465ee728b)
Start importing Assets/Scenes/SampleScene.unity using Guid(d1c3109bdb54ad54c8a2b2838528e640) Importer(815301076,1909f56bfc062723c751e8b465ee728b)  -> (artifact id: '73d676900a6c123c876c1d4d8b70b053') in 0.005711 seconds 
========================================================================
Received Import Request.
  Time since last request: 5.152600 seconds.
  path: Assets/Scenes/SampleSceneLightingSettings.lighting
  artifactKey: Guid(477cc4148fad3449482a3bc3178594e2) Importer(815301076,1909f56bfc062723c751e8b465ee728b)
Start importing Assets/Scenes/SampleSceneLightingSettings.lighting using Guid(477cc4148fad3449482a3bc3178594e2) Importer(815301076,1909f56bfc062723c751e8b465ee728b)  -> (artifact id: '4a26a52e718306fba651ad1c5ff177c0') in 0.016191 seconds 
========================================================================
Received Import Request.
  Time since last request: 237.972722 seconds.
  path: Assets/GuidedProject
  artifactKey: Guid(3b8b25576a2cd9d418973bffe9cfea0f) Importer(815301076,1909f56bfc062723c751e8b465ee728b)
Start importing Assets/GuidedProject using Guid(3b8b25576a2cd9d418973bffe9cfea0f) Importer(815301076,1909f56bfc062723c751e8b465ee728b)  -> (artifact id: '092e3e5c76c14e8c8146fd7071e59257') in 0.007830 seconds 
========================================================================
Received Import Request.
  Time since last request: 2.411970 seconds.
  path: Assets/GuidedProject/ArchitecturalRendering
  artifactKey: Guid(f6fbf403b0631dd47976e22263443da0) Importer(815301076,1909f56bfc062723c751e8b465ee728b)
Start importing Assets/GuidedProject/ArchitecturalRendering using Guid(f6fbf403b0631dd47976e22263443da0) Importer(815301076,1909f56bfc062723c751e8b465ee728b)  -> (artifact id: '237f2d395d888eef6f5343fee3768099') in 0.006676 seconds 
========================================================================
Received Import Request.
  Time since last request: 5.381725 seconds.
  path: Assets/GuidedProject/ArchitecturalRendering/Textures
  artifactKey: Guid(a4eabcc62585edb4f8e007e011d9ab64) Importer(815301076,1909f56bfc062723c751e8b465ee728b)
Start importing Assets/GuidedProject/ArchitecturalRendering/Textures using Guid(a4eabcc62585edb4f8e007e011d9ab64) Importer(815301076,1909f56bfc062723c751e8b465ee728b)  -> (artifact id: '4603e6a55645c962e1e63edf2dc1eaf7') in 0.005621 seconds 
========================================================================
Received Import Request.
  Time since last request: 6.438566 seconds.
  path: Assets/GuidedProject/ArchitecturalRendering/Materials
  artifactKey: Guid(ffb5ed3a89479f947834d4ed5fe879d5) Importer(815301076,1909f56bfc062723c751e8b465ee728b)
Start importing Assets/GuidedProject/ArchitecturalRendering/Materials using Guid(ffb5ed3a89479f947834d4ed5fe879d5) Importer(815301076,1909f56bfc062723c751e8b465ee728b)  -> (artifact id: '9f9ab5d5c3b04db6d864fd731f31bd47') in 0.006527 seconds 
========================================================================
Received Import Request.
  Time since last request: 0.041687 seconds.
  path: Assets/GuidedProject/ArchitecturalRendering/Materials/TV_Mat.mat
  artifactKey: Guid(5e7af46d9c0a1f248a79667353823d8f) Importer(815301076,1909f56bfc062723c751e8b465ee728b)
Start importing Assets/GuidedProject/ArchitecturalRendering/Materials/TV_Mat.mat using Guid(5e7af46d9c0a1f248a79667353823d8f) Importer(815301076,1909f56bfc062723c751e8b465ee728b)  -> (artifact id: 'd7de7785f56e434950d46675ec0d4286') in 0.353199 seconds 
========================================================================
Received Import Request.
  Time since last request: 0.000112 seconds.
  path: Assets/GuidedProject/ArchitecturalRendering/Materials/TV_Screen_Mat.mat
  artifactKey: Guid(f853e48a0f6cde4449848e75110b7050) Importer(815301076,1909f56bfc062723c751e8b465ee728b)
Start importing Assets/GuidedProject/ArchitecturalRendering/Materials/TV_Screen_Mat.mat using Guid(f853e48a0f6cde4449848e75110b7050) Importer(815301076,1909f56bfc062723c751e8b465ee728b)  -> (artifact id: 'e719413bb98428d8128dfdcda03bd67c') in 0.013157 seconds 
========================================================================
Received Import Request.
  Time since last request: 3.165770 seconds.
  path: Assets/GuidedProject/ArchitecturalRendering/Models
  artifactKey: Guid(99192585cae82be47be39ac39210cd7d) Importer(815301076,1909f56bfc062723c751e8b465ee728b)
Start importing Assets/GuidedProject/ArchitecturalRendering/Models using Guid(99192585cae82be47be39ac39210cd7d) Importer(815301076,1909f56bfc062723c751e8b465ee728b)  -> (artifact id: '6dcffb2dae9a7991c9c5112ef36e4914') in 0.005167 seconds 
========================================================================
Received Import Request.
  Time since last request: 0.045563 seconds.
  path: Assets/GuidedProject/ArchitecturalRendering/Models/Floor.FBX
  artifactKey: Guid(93783296c6751a94999f9c069c3f9308) Importer(815301076,1909f56bfc062723c751e8b465ee728b)
Start importing Assets/GuidedProject/ArchitecturalRendering/Models/Floor.FBX using Guid(93783296c6751a94999f9c069c3f9308) Importer(815301076,1909f56bfc062723c751e8b465ee728b)  -> (artifact id: '49cf3272625eac550589ed3f583f7653') in 0.186768 seconds 
========================================================================
Received Import Request.
  Time since last request: 0.000115 seconds.
  path: Assets/GuidedProject/ArchitecturalRendering/Models/Light_Small.FBX
  artifactKey: Guid(0a3a98a2df66a3b40b43cc57f9757f4c) Importer(815301076,1909f56bfc062723c751e8b465ee728b)
Start importing Assets/GuidedProject/ArchitecturalRendering/Models/Light_Small.FBX using Guid(0a3a98a2df66a3b40b43cc57f9757f4c) Importer(815301076,1909f56bfc062723c751e8b465ee728b)  -> (artifact id: 'e66d74810d213e6a5e9a1e5f2cc905c6') in 0.027887 seconds 
========================================================================
Received Import Request.
  Time since last request: 0.000108 seconds.
  path: Assets/GuidedProject/ArchitecturalRendering/Models/Light_Base.FBX
  artifactKey: Guid(75d300149375a814789b644935de2711) Importer(815301076,1909f56bfc062723c751e8b465ee728b)
Start importing Assets/GuidedProject/ArchitecturalRendering/Models/Light_Base.FBX using Guid(75d300149375a814789b644935de2711) Importer(815301076,1909f56bfc062723c751e8b465ee728b)  -> (artifact id: 'c9453b99a6a34fbe15b77f0e210aeebb') in 0.017792 seconds 
========================================================================
Received Import Request.
  Time since last request: 0.000102 seconds.
  path: Assets/GuidedProject/ArchitecturalRendering/Models/People_Lady.FBX
  artifactKey: Guid(d06bec8fba4f75f4c8cb030998ac425e) Importer(815301076,1909f56bfc062723c751e8b465ee728b)
Start importing Assets/GuidedProject/ArchitecturalRendering/Models/People_Lady.FBX using Guid(d06bec8fba4f75f4c8cb030998ac425e) Importer(815301076,1909f56bfc062723c751e8b465ee728b)  -> (artifact id: 'd45d2faffdd221bec9f634f148882ffd') in 0.012428 seconds 
========================================================================
Received Import Request.
  Time since last request: 0.000099 seconds.
  path: Assets/GuidedProject/ArchitecturalRendering/Models/Light_HangingLamp.FBX
  artifactKey: Guid(92f90a8f13acfb641be4d2779bd6e406) Importer(815301076,1909f56bfc062723c751e8b465ee728b)
Start importing Assets/GuidedProject/ArchitecturalRendering/Models/Light_HangingLamp.FBX using Guid(92f90a8f13acfb641be4d2779bd6e406) Importer(815301076,1909f56bfc062723c751e8b465ee728b)  -> (artifact id: '21cf1b7dc1404792ab97ab08f30a15bd') in 0.027145 seconds 
========================================================================
Received Import Request.
  Time since last request: 0.000101 seconds.
  path: Assets/GuidedProject/ArchitecturalRendering/Models/Pole_100.FBX
  artifactKey: Guid(c91f08dea2f87414ebc5e1f8697eba08) Importer(815301076,1909f56bfc062723c751e8b465ee728b)
Start importing Assets/GuidedProject/ArchitecturalRendering/Models/Pole_100.FBX using Guid(c91f08dea2f87414ebc5e1f8697eba08) Importer(815301076,1909f56bfc062723c751e8b465ee728b)  -> (artifact id: '585e852e6b95c953f892ed1a405baf9f') in 0.011462 seconds 
========================================================================
Received Import Request.
  Time since last request: 0.000102 seconds.
  path: Assets/GuidedProject/ArchitecturalRendering/Models/Light_long thin.FBX
  artifactKey: Guid(0ee1e79e3c5b1ca47a808d3b1dcc32f1) Importer(815301076,1909f56bfc062723c751e8b465ee728b)
Start importing Assets/GuidedProject/ArchitecturalRendering/Models/Light_long thin.FBX using Guid(0ee1e79e3c5b1ca47a808d3b1dcc32f1) Importer(815301076,1909f56bfc062723c751e8b465ee728b)  -> (artifact id: '51d45549d615b34f4e7792449015ede8') in 0.016821 seconds 
========================================================================
Received Import Request.
  Time since last request: 0.000104 seconds.
  path: Assets/GuidedProject/ArchitecturalRendering/Models/People_Man.FBX
  artifactKey: Guid(7bafacb43eef37248817c72197074fb5) Importer(815301076,1909f56bfc062723c751e8b465ee728b)
Start importing Assets/GuidedProject/ArchitecturalRendering/Models/People_Man.FBX using Guid(7bafacb43eef37248817c72197074fb5) Importer(815301076,1909f56bfc062723c751e8b465ee728b)  -> (artifact id: '271e7d8e5cf3367c331a9237a8971751') in 0.012967 seconds 
========================================================================
Received Import Request.
  Time since last request: 0.000112 seconds.
  path: Assets/GuidedProject/ArchitecturalRendering/Models/Pole_200.FBX
  artifactKey: Guid(8bd9de280cec1124495625e85ab9d748) Importer(815301076,1909f56bfc062723c751e8b465ee728b)
Start importing Assets/GuidedProject/ArchitecturalRendering/Models/Pole_200.FBX using Guid(8bd9de280cec1124495625e85ab9d748) Importer(815301076,1909f56bfc062723c751e8b465ee728b)  -> (artifact id: '164737e03a8eec644ba115829d3c0dfa') in 0.012814 seconds 
========================================================================
Received Import Request.
  Time since last request: 2.790356 seconds.
  path: Assets/GuidedProject/ArchitecturalRendering/Prefabs
  artifactKey: Guid(dbadcbadb4c7b3548b827b9c4c23736e) Importer(815301076,1909f56bfc062723c751e8b465ee728b)
Start importing Assets/GuidedProject/ArchitecturalRendering/Prefabs using Guid(dbadcbadb4c7b3548b827b9c4c23736e) Importer(815301076,1909f56bfc062723c751e8b465ee728b)  -> (artifact id: 'd339490c2a67773b8c2da617261ad46a') in 0.004830 seconds 
========================================================================
Received Import Request.
  Time since last request: 0.091874 seconds.
  path: Assets/GuidedProject/ArchitecturalRendering/Prefabs/ArchitecturalRendering_StarterEnvironment.prefab
  artifactKey: Guid(0d37b8b98879ecc4ea439140dbf04d7d) Importer(815301076,1909f56bfc062723c751e8b465ee728b)
Start importing Assets/GuidedProject/ArchitecturalRendering/Prefabs/ArchitecturalRendering_StarterEnvironment.prefab using Guid(0d37b8b98879ecc4ea439140dbf04d7d) Importer(815301076,1909f56bfc062723c751e8b465ee728b)  -> (artifact id: '39854a9aa8c4c42007916a2259791294') in 1.817667 seconds 
========================================================================
Received Import Request.
  Time since last request: 2.017256 seconds.
  path: Assets/GuidedProject/ArchitecturalRendering/UI
  artifactKey: Guid(d773572b0c704814fadb90634c2fc3ef) Importer(815301076,1909f56bfc062723c751e8b465ee728b)
Start importing Assets/GuidedProject/ArchitecturalRendering/UI using Guid(d773572b0c704814fadb90634c2fc3ef) Importer(815301076,1909f56bfc062723c751e8b465ee728b)  -> (artifact id: '0638d1c2a67157a7464007d567dea0a2') in 0.004539 seconds 
========================================================================
Received Import Request.
  Time since last request: 0.036768 seconds.
  path: Assets/GuidedProject/ArchitecturalRendering/UI/UI_9slice_Button_Architecture.png
  artifactKey: Guid(e016d961d95444e408e2c887a1f9521e) Importer(815301076,1909f56bfc062723c751e8b465ee728b)
Start importing Assets/GuidedProject/ArchitecturalRendering/UI/UI_9slice_Button_Architecture.png using Guid(e016d961d95444e408e2c887a1f9521e) Importer(815301076,1909f56bfc062723c751e8b465ee728b)  -> (artifact id: '6359aa2b1b04aa7c60ecd96d1f8d1e6c') in 0.024094 seconds 
========================================================================
Received Import Request.
  Time since last request: 0.000104 seconds.
  path: Assets/GuidedProject/ArchitecturalRendering/UI/UI_9slice_Panel_Architecture.png
  artifactKey: Guid(95f591d528afeb54396f02a35e110583) Importer(815301076,1909f56bfc062723c751e8b465ee728b)
Start importing Assets/GuidedProject/ArchitecturalRendering/UI/UI_9slice_Panel_Architecture.png using Guid(95f591d528afeb54396f02a35e110583) Importer(815301076,1909f56bfc062723c751e8b465ee728b)  -> (artifact id: '76cc6648304d427dcc73e64b565bc2d3') in 0.020653 seconds 
========================================================================
Received Import Request.
  Time since last request: 3.663819 seconds.
  path: Assets/GuidedProject/Shared
  artifactKey: Guid(44e58c81c4271474c87806450fb47586) Importer(815301076,1909f56bfc062723c751e8b465ee728b)
Start importing Assets/GuidedProject/Shared using Guid(44e58c81c4271474c87806450fb47586) Importer(815301076,1909f56bfc062723c751e8b465ee728b)  -> (artifact id: 'e13d35fcd01b0fc3b900d439b6827acd') in 0.004691 seconds 
========================================================================
Received Prepare
Registering precompiled user dll's ...
Registered in 0.002960 seconds.
Begin MonoManager ReloadAssembly
Native extension for WindowsStandalone target not found
Native extension for WebGL target not found
Refreshing native plugins compatible for Editor in 0.61 ms, found 2 plugins.
Preloading 0 native plugins for Editor in 0.00 ms.
Mono: successfully reloaded assembly
- Completed reload, in  0.675 seconds
Domain Reload Profiling:
	ReloadAssembly (675ms)
		BeginReloadAssembly (97ms)
			ExecutionOrderSort (0ms)
			DisableScriptedObjects (4ms)
			BackupInstance (0ms)
			ReleaseScriptingObjects (0ms)
			CreateAndSetChildDomain (28ms)
		EndReloadAssembly (538ms)
			LoadAssemblies (68ms)
			RebuildTransferFunctionScriptingTraits (0ms)
			SetupTypeCache (171ms)
			ReleaseScriptCaches (1ms)
			RebuildScriptCaches (25ms)
			SetupLoadedEditorAssemblies (196ms)
				LogAssemblyErrors (0ms)
				InitializePlatformSupportModulesInManaged (4ms)
				SetLoadedEditorAssemblies (0ms)
				RefreshPlugins (1ms)
				BeforeProcessingInitializeOnLoad (63ms)
				ProcessInitializeOnLoadAttributes (117ms)
				ProcessInitializeOnLoadMethodAttributes (6ms)
				AfterProcessingInitializeOnLoad (5ms)
				EditorAssembliesLoaded (0ms)
			ExecutionOrderSort2 (0ms)
			AwakeInstancesAfterBackupRestoration (10ms)
Platform modules already initialized, skipping
Refreshing native plugins compatible for Editor in 0.61 ms, found 2 plugins.
Preloading 0 native plugins for Editor in 0.00 ms.
Unloading 2704 Unused Serialized files (Serialized files now loaded: 0)
System memory in use before: 143.1 MB.
System memory in use after: 143.3 MB.

Unloading 12 unused Assets to reduce memory usage. Loaded Objects now: 3344.
Total: 2.469700 ms (FindLiveObjects: 0.175800 ms CreateObjectMapping: 0.071500 ms MarkObjects: 2.203400 ms  DeleteObjects: 0.018400 ms)

AssetImportParameters requested are different than current active one (requested -> active):
  custom:framework-win-MediaFoundation: 216162199b28c13a410421893ffa2e32 -> 
  custom:video-decoder-ogg-theora: a1e56fd34408186e4bbccfd4996cb3dc -> 
  custom:container-muxer-webm: aa71ff27fc2769a1b78a27578f13a17b -> 
  custom:container-demuxer-webm: 4f35f7cbe854078d1ac9338744f61a02 -> 
  custom:container-demuxer-ogg: 62fdf1f143b41e24485cea50d1cbac27 -> 
  custom:video-encoder-webm-vp8: eb34c28f22e8b96e1ab97ce403110664 -> 
  custom:video-decoder-webm-vp8: 9c59270c3fd7afecdb556c50c9e8de78 -> 
  custom:audio-decoder-ogg-vorbis: bf7c407c2cedff20999df2af8eb42d56 -> 
  custom:audio-encoder-webm-vorbis: bf7c407c2cedff20999df2af8eb42d56 -> 
========================================================================
Received Import Request.
  Time since last request: 3969.305662 seconds.
  path: Assets/GuidedProject/ArchitecturalRendering/Prefabs/Structure
  artifactKey: Guid(a8804a2302da9824b99368521074e96d) Importer(815301076,1909f56bfc062723c751e8b465ee728b)
Start importing Assets/GuidedProject/ArchitecturalRendering/Prefabs/Structure using Guid(a8804a2302da9824b99368521074e96d) Importer(815301076,1909f56bfc062723c751e8b465ee728b)  -> (artifact id: '9f1f536d60db5c10f407127344ead81d') in 0.010046 seconds 
========================================================================
Received Import Request.
  Time since last request: 0.655609 seconds.
  path: Assets/GuidedProject/ArchitecturalRendering/Prefabs/Stairs
  artifactKey: Guid(5902bd8ea4bdced4d8f87c17cbadcd4b) Importer(815301076,1909f56bfc062723c751e8b465ee728b)
Start importing Assets/GuidedProject/ArchitecturalRendering/Prefabs/Stairs using Guid(5902bd8ea4bdced4d8f87c17cbadcd4b) Importer(815301076,1909f56bfc062723c751e8b465ee728b)  -> (artifact id: '8582053d025e5334961e0bbf66d59a0b') in 0.004862 seconds 
========================================================================
Received Import Request.
  Time since last request: 0.486748 seconds.
  path: Assets/GuidedProject/ArchitecturalRendering/Prefabs/Paintings
  artifactKey: Guid(62532d29e8f4b8d4a8b5c67a6d2f7504) Importer(815301076,1909f56bfc062723c751e8b465ee728b)
Start importing Assets/GuidedProject/ArchitecturalRendering/Prefabs/Paintings using Guid(62532d29e8f4b8d4a8b5c67a6d2f7504) Importer(815301076,1909f56bfc062723c751e8b465ee728b)  -> (artifact id: 'ea420b41082f27c6d4c3f79ddb9a5f06') in 0.004917 seconds 
========================================================================
Received Import Request.
  Time since last request: 0.327686 seconds.
  path: Assets/GuidedProject/ArchitecturalRendering/Prefabs/Lights
  artifactKey: Guid(735df37c6a20d48438596282348b3cbf) Importer(815301076,1909f56bfc062723c751e8b465ee728b)
Start importing Assets/GuidedProject/ArchitecturalRendering/Prefabs/Lights using Guid(735df37c6a20d48438596282348b3cbf) Importer(815301076,1909f56bfc062723c751e8b465ee728b)  -> (artifact id: 'e39dd89214983855c7dbd038184ac9f9') in 0.005002 seconds 
========================================================================
Received Import Request.
  Time since last request: 0.286765 seconds.
  path: Assets/GuidedProject/ArchitecturalRendering/Prefabs/Grass and Plants
  artifactKey: Guid(7eb6c88f5bd2351468cdccdd83a0aa02) Importer(815301076,1909f56bfc062723c751e8b465ee728b)
Start importing Assets/GuidedProject/ArchitecturalRendering/Prefabs/Grass and Plants using Guid(7eb6c88f5bd2351468cdccdd83a0aa02) Importer(815301076,1909f56bfc062723c751e8b465ee728b)  -> (artifact id: '788f56bfe017a6c3f23169d92663bc96') in 0.004951 seconds 
========================================================================
Received Import Request.
  Time since last request: 0.338614 seconds.
  path: Assets/GuidedProject/ArchitecturalRendering/Prefabs/Furniture
  artifactKey: Guid(061c7e743cd2fe2468981605991e017d) Importer(815301076,1909f56bfc062723c751e8b465ee728b)
Start importing Assets/GuidedProject/ArchitecturalRendering/Prefabs/Furniture using Guid(061c7e743cd2fe2468981605991e017d) Importer(815301076,1909f56bfc062723c751e8b465ee728b)  -> (artifact id: '1ec0765cc074bdc1d83410cb8c41fc3b') in 0.004934 seconds 
AssetImportWorkerClient::OnTransportError - code=2 error=End of file
